<?xml version="1.0" encoding="UTF-8"?>
<!-- Generated by org.testng.reporters.JUnitReportReporter -->
<testsuite hostname="DESKTOP-4H86CTH" failures="0" tests="1" name="com.runner.AutomationLoginRunner$LoginRunner" time="0.118" errors="0" timestamp="2023-11-28T20:52:30 EST" skipped="0">
  <testcase classname="com.runner.AutomationLoginRunner$LoginRunner" name="runScenario" time="0.118"/>
</testsuite> <!-- com.runner.AutomationLoginRunner$LoginRunner -->
