<?xml version="1.0" encoding="UTF-8"?>
<!-- Generated by org.testng.reporters.JUnitReportReporter -->
<testsuite hostname="DESKTOP-4H86CTH" failures="0" tests="1" name="com.testng.practice.PracticeTestngAnnotations" time="0.008" errors="0" timestamp="2023-10-26T22:06:31 EDT" skipped="0">
  <testcase classname="com.testng.practice.PracticeTestngAnnotations" name="test" time="0.008"/>
  <system-out/>
</testsuite> <!-- com.testng.practice.PracticeTestngAnnotations -->
