<?xml version="1.0" encoding="UTF-8"?>
<!-- Generated by org.testng.reporters.JUnitReportReporter -->
<testsuite hostname="DESKTOP-4H86CTH" failures="0" tests="1" name="com.testng.practice.ParmeterTestng" time="0.004" errors="0" timestamp="2023-10-28T12:28:34 EDT" skipped="0">
  <testcase classname="com.testng.practice.ParmeterTestng" name="practiceParam" time="0.004"/>
  <system-out/>
</testsuite> <!-- com.testng.practice.ParmeterTestng -->
