<?xml version="1.0" encoding="UTF-8"?>
<!-- Generated by org.testng.reporters.JUnitReportReporter -->
<testsuite hostname="DESKTOP-4H86CTH" failures="0" tests="1" name="com.testng.practice.FirstClass" time="4.786" errors="0" timestamp="2023-10-28T15:12:51 EDT" skipped="0">
  <testcase classname="com.testng.practice.FirstClass" name="getMouseHover" time="4.786"/>
  <system-out/>
</testsuite> <!-- com.testng.practice.FirstClass -->
