<?xml version="1.0" encoding="UTF-8"?>
<!-- Generated by org.testng.reporters.JUnitReportReporter -->
<testsuite hostname="DESKTOP-4H86CTH" failures="0" tests="1" name="com.testng.practice.CrossBrowserTestng" time="6.157" errors="0" timestamp="2023-10-28T13:37:04 EDT" skipped="0">
  <testcase classname="com.testng.practice.CrossBrowserTestng" name="crossBrowserCostco" time="6.157"/>
  <system-out/>
</testsuite> <!-- com.testng.practice.CrossBrowserTestng -->
