<?xml version="1.0" encoding="UTF-8"?>
<!-- Generated by org.testng.reporters.JUnitReportReporter -->
<testsuite hostname="DESKTOP-4H86CTH" failures="0" tests="1" name="com.testng.practice.SecondClass" time="10.096" errors="0" timestamp="2023-10-28T14:48:19 EDT" skipped="0">
  <testcase classname="com.testng.practice.SecondClass" name="getLogin" time="10.096"/>
  <system-out/>
</testsuite> <!-- com.testng.practice.SecondClass -->
