<?xml version="1.0" encoding="UTF-8"?>
<!-- Generated by org.testng.reporters.JUnitReportReporter -->
<testsuite hostname="DESKTOP-4H86CTH" failures="0" tests="1" name="com.API.Testing.WithTestNG.TestingPatchWithtestNG" time="1.012" errors="0" timestamp="2023-11-30T20:39:52 EST" skipped="0">
  <testcase classname="com.API.Testing.WithTestNG.TestingPatchWithtestNG" name="testPatch" time="1.012"/>
</testsuite> <!-- com.API.Testing.WithTestNG.TestingPatchWithtestNG -->
