<?xml version="1.0" encoding="UTF-8"?>
<!-- Generated by org.testng.reporters.JUnitReportReporter -->
<testsuite hostname="DESKTOP-4H86CTH" failures="0" tests="4" name="com.API.Testing.WithTestNG.TestingGetWithTestNG" time="0.009" errors="0" timestamp="2023-11-30T20:00:37 EST" skipped="0">
  <testcase classname="com.API.Testing.WithTestNG.TestingGetWithTestNG" name="getContainType" time="0.004"/>
  <testcase classname="com.API.Testing.WithTestNG.TestingGetWithTestNG" name="getStatusCode" time="0.002"/>
  <testcase classname="com.API.Testing.WithTestNG.TestingGetWithTestNG" name="getResponseTime" time="0.002"/>
  <testcase classname="com.API.Testing.WithTestNG.TestingGetWithTestNG" name="getResponseNullOrNot" time="0.001"/>
</testsuite> <!-- com.API.Testing.WithTestNG.TestingGetWithTestNG -->
