<?xml version="1.0" encoding="UTF-8"?>
<!-- Generated by org.testng.reporters.JUnitReportReporter -->
<testsuite hostname="DESKTOP-4H86CTH" failures="0" tests="1" name="com.API.Testing.WithTestNG.TestingPostWithTestNG" time="1.366" errors="0" timestamp="2023-11-30T20:33:37 EST" skipped="0">
  <testcase classname="com.API.Testing.WithTestNG.TestingPostWithTestNG" name="getPost" time="1.366"/>
</testsuite> <!-- com.API.Testing.WithTestNG.TestingPostWithTestNG -->
