<?xml version="1.0" encoding="UTF-8"?>
<!-- Generated by org.testng.reporters.JUnitReportReporter -->
<testsuite hostname="DESKTOP-4H86CTH" failures="0" tests="1" name="com.API.Testing.WithTestNG.TestDeleteWithTestNG" time="0.924" errors="0" timestamp="2023-11-30T20:42:54 EST" skipped="0">
  <testcase classname="com.API.Testing.WithTestNG.TestDeleteWithTestNG" name="testDelete" time="0.924"/>
</testsuite> <!-- com.API.Testing.WithTestNG.TestDeleteWithTestNG -->
