<?xml version="1.0" encoding="UTF-8"?>
<!-- Generated by org.testng.reporters.JUnitReportReporter -->
<testsuite hostname="DESKTOP-4H86CTH" failures="0" tests="9" name="com.testng.practice.PracticeTestngMethods" time="0.015" errors="0" timestamp="2023-10-28T14:52:06 EDT" skipped="1">
  <testcase classname="com.testng.practice.PracticeTestngMethods" name="login" time="0.001"/>
  <system-out/>
  <testcase classname="com.testng.practice.PracticeTestngMethods" name="login" time="0.001"/>
  <system-out/>
  <testcase classname="com.testng.practice.PracticeTestngMethods" name="login" time="0.001"/>
  <system-out/>
  <testcase classname="com.testng.practice.PracticeTestngMethods" name="login" time="0.001"/>
  <system-out/>
  <testcase classname="com.testng.practice.PracticeTestngMethods" name="login" time="0.009"/>
  <system-out/>
  <testcase classname="com.testng.practice.PracticeTestngMethods" name="dress" time="0.000"/>
  <system-out/>
  <testcase classname="com.testng.practice.PracticeTestngMethods" name="cart" time="0.001"/>
  <system-out/>
  <testcase classname="com.testng.practice.PracticeTestngMethods" name="placeOrder" time="0.001"/>
  <system-out/>
  <testcase classname="com.testng.practice.PracticeTestngMethods" name="payment">
    <skipped/>
  </testcase> <!-- payment -->
  <system-out/>
</testsuite> <!-- com.testng.practice.PracticeTestngMethods -->
